Traceback (most recent call last):
  File "C:\Users\kai99\Desktop\New folder (9)\Supermix_27\test_omniscient_expert.py", line 98, in <module>
    smoke_test_omniscient()
    ~~~~~~~~~~~~~~~~~~~~~^^
  File "C:\Users\kai99\Desktop\New folder (9)\Supermix_27\test_omniscient_expert.py", line 32, in smoke_test_omniscient
    logits = model(dummy_input)
  File "C:\Users\kai99\AppData\Local\Packages\PythonSoftwareFoundation.Python.3.13_qbz5n2kfra8p0\LocalCache\local-packages\Python313\site-packages\torch\nn\modules\module.py", line 1776, in _wrapped_call_impl
    return self._call_impl(*args, **kwargs)
           ~~~~~~~~~~~~~~~^^^^^^^^^^^^^^^^^
  File "C:\Users\kai99\AppData\Local\Packages\PythonSoftwareFoundation.Python.3.13_qbz5n2kfra8p0\LocalCache\local-packages\Python313\site-packages\torch\nn\modules\module.py", line 1787, in _call_impl
    return forward_call(*args, **kwargs)
  File "C:\Users\kai99\AppData\Local\Packages\PythonSoftwareFoundation.Python.3.13_qbz5n2kfra8p0\LocalCache\local-packages\Python313\site-packages\torch\nn\modules\module.py", line 402, in _forward_unimplemented
    raise NotImplementedError(
        f'Module [{type(self).__name__}] is missing the required "forward" function'
    )
NotImplementedError: Module [ChampionNetOmniscientExpert] is missing the required "forward" function
Starting smoke test for Omniscient Synergy Expert (v20) architecture...
Using device: cpu
Set layers.10.alpha to 1.0
Dummy input shape: torch.Size([2, 1, 128])
Running forward pass (train mode)...
Smoke test FAILED: Module [ChampionNetOmniscientExpert] is missing the required "forward" function
