python : Traceback 
(most recent call 
last):
At line:1 char:1
+ python test_liquid_s
piking_expert.py > 
smoke_test.log 2>&1; 
type smok ...
+ ~~~~~~~~~~~~~~~~~~~~
~~~~~~~~~~~~~~~~~~~~~~
~~~~~~~~~~~~~~~~
    + CategoryInfo    
          : NotSpeci  
  fied: (Traceback    
 (most recent call    
 last)::String) [    
], RemoteExceptio    n
    + FullyQualifiedE 
   rrorId : NativeCo  
  mmandError
 
  File "C:\Users\kai99
\Desktop\New folder (9
)\Supermix_27\test_liq
uid_spiking_expert.py"
, line 81, in <module>
    smoke_test_liquid_
spiking()
    ~~~~~~~~~~~~~~~~~~
~~~~~~~^^
  File "C:\Users\kai99
\Desktop\New folder (9
)\Supermix_27\test_liq
uid_spiking_expert.py"
, line 68, in smoke_te
st_liquid_spiking
    raise AssertionErr
or(f"Missing 
gradients in: 
{failed}")
AssertionError: 
Missing gradients in: 
['lif_neuron.alpha']
Starting smoke test for Liquid Spiking Tensor Expert (v26)...
Using device: cpu
Set layers.10.alpha to 1.0
Dummy input shape: torch.Size([2, 1, 128])
Running forward pass (train mode)...
Output shape: torch.Size([2, 1, 10])
Running global backward pass...
Loss value: 1.9619965553283691
Checking gradients...
  ttt_lora_A: OK
  ttt_lora_B: OK
  ttt_decoder.weight: OK
  liquid_synapse.core_1: OK
  liquid_synapse.core_2: OK
  liquid_synapse.liquid_gate: OK
  liquid_synapse.tau: OK
  lif_neuron.threshold: OK
  lif_neuron.alpha: CRITICAL: NO GRADIENT!
  spike_decoder.weight: OK
Smoke test FAILED: Missing gradients in: ['lif_neuron.alpha']
