python : Traceback 
(most recent call 
last):
At line:1 char:1
+ python test_liquid_s
piking_expert.py 2> 
out.txt; Get-Content 
out.txt  ...
+ ~~~~~~~~~~~~~~~~~~~~
~~~~~~~~~~~~~~~~~~~~~~
~~~~~
    + CategoryInfo    
          : NotSpeci  
  fied: (Traceback    
 (most recent call    
 last)::String) [    
], RemoteExceptio    n
    + FullyQualifiedE 
   rrorId : NativeCo  
  mmandError
 
  File "C:\Users\kai99
\Desktop\New folder (9
)\Supermix_27\test_liq
uid_spiking_expert.py"
, line 81, in <module>
    smoke_test_liquid_
spiking()
    ~~~~~~~~~~~~~~~~~~
~~~~~~~^^
  File "C:\Users\kai99
\Desktop\New folder (9
)\Supermix_27\test_liq
uid_spiking_expert.py"
, line 68, in smoke_te
st_liquid_spiking
    raise AssertionErr
or(f"Missing 
gradients in: 
{failed}")
AssertionError: 
Missing gradients in: 
['ttt_lora_A', 
'ttt_decoder.weight', 
'lif_neuron.threshold'
, 'lif_neuron.alpha', 
'spike_decoder.weight'
]
